# JRE version: Java(TM) SE Runtime Environment (24.0.1+9) (build 24.0.1+9-30)
# Java VM: Java HotSpot(TM) 64-Bit Server VM (24.0.1+9-30, mixed mode, emulated-client, sharing, tiered, compressed oops, compressed class ptrs, g1 gc, windows-amd64)
GC Precious Log:
 CardTable entry size: 512
 Card Set container configuration: InlinePtr #cards 4 size 8 Array Of Cards #cards 16 size 48 Howl #buckets 8 coarsen threshold 3686 Howl Bitmap #cards 512 size 80 coarsen threshold 460 Card regions per heap region 1 cards per card region 4096
 CPUs: 16 total, 16 available
 Memory: 15790M
 Large Page Support: Disabled
 NUMA Support: Disabled
 Compressed Oops: Enabled (Zero based)
 Heap Region Size: 2M
 Heap Min Capacity: 8M
 Heap Initial Capacity: 248M
 Heap Max Capacity: 3948M
 Pre-touch: Disabled
 Parallel Workers: 13
 Concurrent Workers: 3
 Concurrent Refinement Workers: 13
 Periodic GC: Disabled
Heap:
 garbage-first heap   total reserved 4042752K, committed 55296K, used 30945K [0x0000000709400000, 0x0000000800000000)
  region size 2048K, 5 young (10240K), 2 survivors (4096K)
 Metaspace       used 58530K, committed 59072K, reserved 1114112K
  class space    used 6563K, committed 6784K, reserved 1048576K
GC Heap History (20 events):
Event: 4.930 GC heap before
{Heap before GC invocations=4 (full 0):
 garbage-first heap   total reserved 4042752K, committed 55296K, used 37112K [0x0000000709400000, 0x0000000800000000)
  region size 2048K, 13 young (26624K), 1 survivors (2048K)
 Metaspace       used 24305K, committed 24640K, reserved 1114112K
  class space    used 2652K, committed 2816K, reserved 1048576K
}
Event: 4.940 GC heap after
{Heap after GC invocations=5 (full 0):
 garbage-first heap   total reserved 4042752K, committed 55296K, used 14845K [0x0000000709400000, 0x0000000800000000)
  region size 2048K, 2 young (4096K), 2 survivors (4096K)
 Metaspace       used 24305K, committed 24640K, reserved 1114112K
  class space    used 2652K, committed 2816K, reserved 1048576K
}
Event: 5.651 GC heap before
{Heap before GC invocations=5 (full 0):
 garbage-first heap   total reserved 4042752K, committed 55296K, used 39421K [0x0000000709400000, 0x0000000800000000)
  region size 2048K, 14 young (28672K), 2 survivors (4096K)
 Metaspace       used 27662K, committed 28160K, reserved 1114112K
  class space    used 3046K, committed 3264K, reserved 1048576K
}
Event: 5.657 GC heap after
{Heap after GC invocations=6 (full 0):
 garbage-first heap   total reserved 4042752K, committed 55296K, used 16989K [0x0000000709400000, 0x0000000800000000)
  region size 2048K, 2 young (4096K), 2 survivors (4096K)
 Metaspace       used 27662K, committed 28160K, reserved 1114112K
  class space    used 3046K, committed 3264K, reserved 1048576K
}
Event: 6.374 GC heap before
{Heap before GC invocations=6 (full 0):
 garbage-first heap   total reserved 4042752K, committed 55296K, used 31325K [0x0000000709400000, 0x0000000800000000)
  region size 2048K, 10 young (20480K), 2 survivors (4096K)
 Metaspace       used 31884K, committed 32256K, reserved 1114112K
  class space    used 3511K, committed 3712K, reserved 1048576K
}
Event: 6.377 GC heap after
{Heap after GC invocations=7 (full 0):
 garbage-first heap   total reserved 4042752K, committed 55296K, used 17774K [0x0000000709400000, 0x0000000800000000)
  region size 2048K, 2 young (4096K), 2 survivors (4096K)
 Metaspace       used 31884K, committed 32256K, reserved 1114112K
  class space    used 3511K, committed 3712K, reserved 1048576K
}
Event: 7.529 GC heap before
{Heap before GC invocations=8 (full 0):
 garbage-first heap   total reserved 4042752K, committed 55296K, used 40302K [0x0000000709400000, 0x0000000800000000)
  region size 2048K, 14 young (28672K), 2 survivors (4096K)
 Metaspace       used 41828K, committed 42240K, reserved 1114112K
  class space    used 4703K, committed 4864K, reserved 1048576K
}
Event: 7.534 GC heap after
{Heap after GC invocations=9 (full 0):
 garbage-first heap   total reserved 4042752K, committed 55296K, used 20468K [0x0000000709400000, 0x0000000800000000)
  region size 2048K, 2 young (4096K), 2 survivors (4096K)
 Metaspace       used 41828K, committed 42240K, reserved 1114112K
  class space    used 4703K, committed 4864K, reserved 1048576K
}
Event: 8.353 GC heap before
{Heap before GC invocations=9 (full 0):
 garbage-first heap   total reserved 4042752K, committed 55296K, used 42996K [0x0000000709400000, 0x0000000800000000)
  region size 2048K, 13 young (26624K), 2 survivors (4096K)
 Metaspace       used 47121K, committed 47616K, reserved 1114112K
  class space    used 5279K, committed 5504K, reserved 1048576K
}
Event: 8.359 GC heap after
{Heap after GC invocations=10 (full 0):
 garbage-first heap   total reserved 4042752K, committed 55296K, used 21994K [0x0000000709400000, 0x0000000800000000)
  region size 2048K, 1 young (2048K), 1 survivors (2048K)
 Metaspace       used 47121K, committed 47616K, reserved 1114112K
  class space    used 5279K, committed 5504K, reserved 1048576K
}
Event: 9.786 GC heap before
{Heap before GC invocations=10 (full 0):
 garbage-first heap   total reserved 4042752K, committed 55296K, used 46570K [0x0000000709400000, 0x0000000800000000)
  region size 2048K, 13 young (26624K), 1 survivors (2048K)
 Metaspace       used 51783K, committed 52224K, reserved 1114112K
  class space    used 5743K, committed 5952K, reserved 1048576K
}
Event: 9.789 GC heap after
{Heap after GC invocations=11 (full 0):
 garbage-first heap   total reserved 4042752K, committed 55296K, used 23581K [0x0000000709400000, 0x0000000800000000)
  region size 2048K, 2 young (4096K), 2 survivors (4096K)
 Metaspace       used 51783K, committed 52224K, reserved 1114112K
  class space    used 5743K, committed 5952K, reserved 1048576K
}
Event: 10.067 GC heap before
{Heap before GC invocations=11 (full 0):
 garbage-first heap   total reserved 4042752K, committed 55296K, used 46109K [0x0000000709400000, 0x0000000800000000)
  region size 2048K, 13 young (26624K), 2 survivors (4096K)
 Metaspace       used 52997K, committed 53440K, reserved 1114112K
  class space    used 5884K, committed 6080K, reserved 1048576K
}
Event: 10.071 GC heap after
{Heap after GC invocations=12 (full 0):
 garbage-first heap   total reserved 4042752K, committed 55296K, used 24736K [0x0000000709400000, 0x0000000800000000)
  region size 2048K, 2 young (4096K), 2 survivors (4096K)
 Metaspace       used 52997K, committed 53440K, reserved 1114112K
  class space    used 5884K, committed 6080K, reserved 1048576K
}
Event: 10.307 GC heap before
{Heap before GC invocations=12 (full 0):
 garbage-first heap   total reserved 4042752K, committed 55296K, used 41120K [0x0000000709400000, 0x0000000800000000)
  region size 2048K, 11 young (22528K), 2 survivors (4096K)
 Metaspace       used 53640K, committed 54016K, reserved 1114112K
  class space    used 5969K, committed 6144K, reserved 1048576K
}
Event: 10.311 GC heap after
{Heap after GC invocations=13 (full 0):
 garbage-first heap   total reserved 4042752K, committed 55296K, used 25886K [0x0000000709400000, 0x0000000800000000)
  region size 2048K, 2 young (4096K), 2 survivors (4096K)
 Metaspace       used 53640K, committed 54016K, reserved 1114112K
  class space    used 5969K, committed 6144K, reserved 1048576K
}
Event: 10.983 GC heap before
{Heap before GC invocations=14 (full 0):
 garbage-first heap   total reserved 4042752K, committed 55296K, used 44318K [0x0000000709400000, 0x0000000800000000)
  region size 2048K, 11 young (22528K), 2 survivors (4096K)
 Metaspace       used 55456K, committed 55936K, reserved 1114112K
  class space    used 6213K, committed 6400K, reserved 1048576K
}
Event: 10.988 GC heap after
{Heap after GC invocations=15 (full 0):
 garbage-first heap   total reserved 4042752K, committed 55296K, used 27665K [0x0000000709400000, 0x0000000800000000)
  region size 2048K, 2 young (4096K), 2 survivors (4096K)
 Metaspace       used 55456K, committed 55936K, reserved 1114112K
  class space    used 6213K, committed 6400K, reserved 1048576K
}
Event: 127.683 GC heap before
{Heap before GC invocations=15 (full 0):
 garbage-first heap   total reserved 4042752K, committed 55296K, used 42001K [0x0000000709400000, 0x0000000800000000)
  region size 2048K, 10 young (20480K), 2 survivors (4096K)
 Metaspace       used 58232K, committed 58816K, reserved 1114112K
  class space    used 6519K, committed 6784K, reserved 1048576K
}
Event: 127.688 GC heap after
{Heap after GC invocations=16 (full 0):
 garbage-first heap   total reserved 4042752K, committed 55296K, used 28897K [0x0000000709400000, 0x0000000800000000)
  region size 2048K, 2 young (4096K), 2 survivors (4096K)
 Metaspace       used 58232K, committed 58816K, reserved 1114112K
  class space    used 6519K, committed 6784K, reserved 1048576K
}

